<?xml version="1.0" encoding="UTF-8"?>
<testsuite xmlns:xsi="http://www.w3.org/2001/XMLSchema-instance" xsi:noNamespaceSchemaLocation="https://maven.apache.org/surefire/maven-surefire-plugin/xsd/surefire-test-report.xsd" name="br.com.nkey.api.usuario.UsuarioTests" time="0.164" tests="4" errors="0" skipped="0" failures="0">
  <properties>
[...]
</properties>
  <testcase name="deveCriarUmUsuario" classname="br.com.nkey.api.usuario.UsuarioTests" time="0.053"/>
  <testcase name="naoDeveCriarUmUsuarioSemNome" classname="br.com.nkey.api.usuario.UsuarioTests" time="0.035"/>
  <testcase name="deveDeletarUmUsuario" classname="br.com.nkey.api.usuario.UsuarioTests" time="0.039"/>
  <testcase name="naoDeveCriarUmUsuarioSemEmail" classname="br.com.nkey.api.usuario.UsuarioTests" time="0.026"/>
</testsuite>